\BOOKMARK [-1][-]{part.1}{I D\351finition, fonctionnement et exp\351riences}{}% 1
\BOOKMARK [0][-]{chapter.1}{R\351alit\351 virtuelle}{part.1}% 2
\BOOKMARK [1][-]{section.1.1}{D\351finition}{chapter.1}% 3
\BOOKMARK [1][-]{section.1.2}{Historique}{chapter.1}% 4
\BOOKMARK [1][-]{section.1.3}{Cat\351gories de casque}{chapter.1}% 5
\BOOKMARK [1][-]{section.1.4}{Cat\351gories de r\351alit\351s}{chapter.1}% 6
\BOOKMARK [0][-]{chapter.2}{l'\234il et le cerveau}{part.1}% 7
\BOOKMARK [0][-]{chapter.3}{Fontionnement}{part.1}% 8
\BOOKMARK [1][-]{section.3.1}{Un exemple de casque autonome : L'HTC Vive}{chapter.3}% 9
\BOOKMARK [1][-]{section.3.2}{Fontionnement de l'HTC Vive}{chapter.3}% 10
\BOOKMARK [1][-]{section.3.3}{\311tude statistique}{chapter.3}% 11
\BOOKMARK [1][-]{section.3.4}{\311xp\351rience et sensations}{chapter.3}% 12
\BOOKMARK [-1][-]{part.2}{II Innovations et dangers}{}% 13
\BOOKMARK [0][-]{chapter.4}{Innovations}{part.2}% 14
\BOOKMARK [1][-]{section.4.1}{Fonction ludique}{chapter.4}% 15
\BOOKMARK [1][-]{section.4.2}{Avantages}{chapter.4}% 16
\BOOKMARK [1][-]{section.4.3}{Peur et r\351alit\351 virtuelle}{chapter.4}% 17
\BOOKMARK [0][-]{chapter.5}{Dangers}{part.2}% 18
\BOOKMARK [1][-]{section.5.1}{Effets sur l'oeil}{chapter.5}% 19
\BOOKMARK [2][-]{subsection.5.1.1}{Acomodation excessive}{section.5.1}% 20
\BOOKMARK [2][-]{subsection.5.1.2}{La lumi\350re bleue, \340 ne pas n\351gliger ?}{section.5.1}% 21
\BOOKMARK [1][-]{section.5.2}{Effets sur l'\351quilibre}{chapter.5}% 22
\BOOKMARK [1][-]{section.5.3}{Cerveau}{chapter.5}% 23
\BOOKMARK [1][-]{section.5.4}{Conclusion}{chapter.5}% 24
